(601 , using                    )
(601 , namespace                )
(601 , std                      )
(207 , ;                        )
(3   , int                      )
(601 , argflag                  )
(203 , [                        )
(501 , 22                       )
(204 , ]                        )
(138 , ,                        )
(601 , usedarg                  )
(207 , ;                        )
(12  , const                    )
(3   , int                      )
(601 , txt_len                  )
(131 , =                        )
(501 , 1e6                      )
(123 , +                        )
(501 , 10                       )
(207 , ;                        )
(3   , int                      )
(601 , rex                      )
(203 , [                        )
(601 , txt_len                  )
(204 , ]                        )
(138 , ,                        )
(601 , rey                      )
(203 , [                        )
(601 , txt_len                  )
(204 , ]                        )
(207 , ;                        )
(12  , const                    )
(3   , int                      )
(601 , mx_tk                    )
(131 , =                        )
(501 , 1e6                      )
(123 , +                        )
(501 , 10                       )
(138 , ,                        )
(601 , mx_op                    )
(131 , =                        )
(501 , 3                        )
(207 , ;                        )
(12  , const                    )
(3   , int                      )
(601 , di_sz                    )
(131 , =                        )
(501 , 50                       )
(138 , ,                        )
(601 , bsop                     )
(131 , =                        )
(501 , 100                      )
(138 , ,                        )
(601 , bsdeli                   )
(131 , =                        )
(501 , 200                      )
(138 , ,                        )
(601 , bshaku                   )
(131 , =                        )
(501 , 300                      )
(138 , ,                        )
(601 , bscg                     )
(131 , =                        )
(501 , 400                      )
(207 , ;                        )
(12  , const                    )
(3   , int                      )
(601 , bsnum                    )
(131 , =                        )
(501 , 501                      )
(138 , ,                        )
(601 , bsid                     )
(131 , =                        )
(501 , 601                      )
(207 , ;                        )
(601 , string                   )
(601 , keywords                 )
(203 , [                        )
(601 , di_sz                    )
(204 , ]                        )
(131 , =                        )
(205 , {                        )
(401 , "auto"                   )
(138 , ,                        )
(401 , "short"                  )
(138 , ,                        )
(401 , "int"                    )
(138 , ,                        )
(401 , "long"                   )
(138 , ,                        )
(401 , "float"                  )
(138 , ,                        )
(401 , "double"                 )
(138 , ,                        )
(401 , "char"                   )
(138 , ,                        )
(401 , "struct"                 )
(138 , ,                        )
(401 , "union"                  )
(138 , ,                        )
(401 , "enum"                   )
(138 , ,                        )
(401 , "typedef"                )
(138 , ,                        )
(401 , "const"                  )
(138 , ,                        )
(401 , "unsigned"               )
(138 , ,                        )
(401 , "signed"                 )
(138 , ,                        )
(401 , "extern"                 )
(138 , ,                        )
(401 , "register"               )
(138 , ,                        )
(401 , "static"                 )
(138 , ,                        )
(401 , "volatile"               )
(138 , ,                        )
(401 , "void"                   )
(138 , ,                        )
(401 , "if"                     )
(138 , ,                        )
(401 , "else"                   )
(138 , ,                        )
(401 , "switch"                 )
(138 , ,                        )
(401 , "case"                   )
(138 , ,                        )
(401 , "for"                    )
(138 , ,                        )
(401 , "do"                     )
(138 , ,                        )
(401 , "while"                  )
(138 , ,                        )
(401 , "goto"                   )
(138 , ,                        )
(401 , "continue"               )
(138 , ,                        )
(401 , "break"                  )
(138 , ,                        )
(401 , "default"                )
(138 , ,                        )
(401 , "sizeof"                 )
(138 , ,                        )
(401 , "return"                 )
(138 , ,                        )
(401 , "main"                   )
(206 , }                        )
(207 , ;                        )
(601 , string                   )
(601 , operators                )
(203 , [                        )
(601 , di_sz                    )
(204 , ]                        )
(131 , =                        )
(205 , {                        )
(401 , "<<="                    )
(138 , ,                        )
(401 , ">>="                    )
(138 , ,                        )
(401 , "++"                     )
(138 , ,                        )
(401 , "--"                     )
(138 , ,                        )
(401 , "=="                     )
(138 , ,                        )
(401 , "&&"                     )
(138 , ,                        )
(401 , "||"                     )
(138 , ,                        )
(401 , "!="                     )
(138 , ,                        )
(401 , ">="                     )
(138 , ,                        )
(401 , "<="                     )
(138 , ,                        )
(401 , "+="                     )
(138 , ,                        )
(401 , "-="                     )
(138 , ,                        )
(401 , "*="                     )
(138 , ,                        )
(401 , "%="                     )
(138 , ,                        )
(401 , "&="                     )
(138 , ,                        )
(401 , "/="                     )
(138 , ,                        )
(401 , "^="                     )
(138 , ,                        )
(401 , "|="                     )
(138 , ,                        )
(401 , "<<"                     )
(138 , ,                        )
(401 , ">>"                     )
(138 , ,                        )
(401 , "->"                     )
(138 , ,                        )
(401 , "::"                     )
(138 , ,                        )
(401 , "+"                      )
(138 , ,                        )
(401 , "-"                      )
(138 , ,                        )
(401 , "*"                      )
(138 , ,                        )
(401 , "/"                      )
(138 , ,                        )
(401 , "%"                      )
(138 , ,                        )
(401 , ">"                      )
(138 , ,                        )
(401 , "<"                      )
(138 , ,                        )
(401 , "!"                      )
(138 , ,                        )
(401 , "="                      )
(138 , ,                        )
(401 , "&"                      )
(138 , ,                        )
(401 , "|"                      )
(138 , ,                        )
(401 , "^"                      )
(138 , ,                        )
(401 , "~"                      )
(138 , ,                        )
(401 , "?"                      )
(138 , ,                        )
(401 , ":"                      )
(138 , ,                        )
(401 , ","                      )
(138 , ,                        )
(401 , "."                      )
(138 , ,                        )
(206 , }                        )
(207 , ;                        )
(601 , string                   )
(601 , delimiters               )
(203 , [                        )
(601 , di_sz                    )
(204 , ]                        )
(131 , =                        )
(205 , {                        )
(401 , "("                      )
(138 , ,                        )
(401 , ")"                      )
(138 , ,                        )
(401 , "["                      )
(138 , ,                        )
(401 , "]"                      )
(138 , ,                        )
(401 , "{"                      )
(138 , ,                        )
(401 , "}"                      )
(138 , ,                        )
(401 , ";"                      )
(206 , }                        )
(207 , ;                        )
(601 , string                   )
(601 , haku                     )
(203 , [                        )
(601 , di_sz                    )
(204 , ]                        )
(131 , =                        )
(205 , {                        )
(401 , " "                      )
(138 , ,                        )
(401 , "\n"                     )
(138 , ,                        )
(401 , "\t"                     )
(138 , ,                        )
(401 , "\r"                     )
(206 , }                        )
(207 , ;                        )
(601 , string                   )
(601 , change                   )
(203 , [                        )
(601 , di_sz                    )
(204 , ]                        )
(131 , =                        )
(205 , {                        )
(401 , "\""                     )
(138 , ,                        )
(401 , "\'"                     )
(138 , ,                        )
(206 , }                        )
(207 , ;                        )
(126 , /                        )
(126 , /                        )
(501 , 401                      )
(104 , --                       )
(501 , 500                      )
(126 , /                        )
(126 , /                        )
(601 , number                   )
(501 , 501                      )
(601 , identifier               )
(501 , 601                      )
(126 , /                        )
(126 , /                        )
(601 , map                      )
(601 , hash                     )
(3   , int                      )
(601 , topkey                   )
(138 , ,                        )
(601 , topop                    )
(131 , =                        )
(601 , bsop                     )
(138 , ,                        )
(601 , topdeli                  )
(131 , =                        )
(601 , bsdeli                   )
(138 , ,                        )
(601 , tophaku                  )
(131 , =                        )
(601 , bshaku                   )
(138 , ,                        )
(601 , topcg                    )
(131 , =                        )
(601 , bscg                     )
(207 , ;                        )
(601 , unordered_map            )
(129 , <                        )
(601 , string                   )
(138 , ,                        )
(601 , ll                       )
(128 , >                        )
(601 , mp                       )
(207 , ;                        )
(601 , inline                   )
(19  , void                     )
(601 , buildmap                 )
(201 , (                        )
(202 , )                        )
(205 , {                        )
(601 , rep                      )
(201 , (                        )
(601 , i                        )
(138 , ,                        )
(501 , 0                        )
(138 , ,                        )
(601 , di_sz                    )
(124 , -                        )
(501 , 1                        )
(202 , )                        )
(20  , if                       )
(201 , (                        )
(31  , sizeof                   )
(201 , (                        )
(601 , keywords                 )
(203 , [                        )
(601 , i                        )
(204 , ]                        )
(202 , )                        )
(202 , )                        )
(601 , mp                       )
(203 , [                        )
(601 , keywords                 )
(203 , [                        )
(601 , i                        )
(204 , ]                        )
(204 , ]                        )
(131 , =                        )
(103 , ++                       )
(601 , topkey                   )
(207 , ;                        )
(601 , rep                      )
(201 , (                        )
(601 , i                        )
(138 , ,                        )
(501 , 0                        )
(138 , ,                        )
(601 , di_sz                    )
(124 , -                        )
(501 , 1                        )
(202 , )                        )
(20  , if                       )
(201 , (                        )
(31  , sizeof                   )
(201 , (                        )
(601 , operators                )
(203 , [                        )
(601 , i                        )
(204 , ]                        )
(202 , )                        )
(202 , )                        )
(601 , mp                       )
(203 , [                        )
(601 , operators                )
(203 , [                        )
(601 , i                        )
(204 , ]                        )
(204 , ]                        )
(131 , =                        )
(103 , ++                       )
(601 , topop                    )
(207 , ;                        )
(601 , rep                      )
(201 , (                        )
(601 , i                        )
(138 , ,                        )
(501 , 0                        )
(138 , ,                        )
(601 , di_sz                    )
(124 , -                        )
(501 , 1                        )
(202 , )                        )
(20  , if                       )
(201 , (                        )
(31  , sizeof                   )
(201 , (                        )
(601 , delimiters               )
(203 , [                        )
(601 , i                        )
(204 , ]                        )
(202 , )                        )
(202 , )                        )
(601 , mp                       )
(203 , [                        )
(601 , delimiters               )
(203 , [                        )
(601 , i                        )
(204 , ]                        )
(204 , ]                        )
(131 , =                        )
(103 , ++                       )
(601 , topdeli                  )
(207 , ;                        )
(601 , rep                      )
(201 , (                        )
(601 , i                        )
(138 , ,                        )
(501 , 0                        )
(138 , ,                        )
(601 , di_sz                    )
(124 , -                        )
(501 , 1                        )
(202 , )                        )
(20  , if                       )
(201 , (                        )
(31  , sizeof                   )
(201 , (                        )
(601 , haku                     )
(203 , [                        )
(601 , i                        )
(204 , ]                        )
(202 , )                        )
(202 , )                        )
(601 , mp                       )
(203 , [                        )
(601 , haku                     )
(203 , [                        )
(601 , i                        )
(204 , ]                        )
(204 , ]                        )
(131 , =                        )
(103 , ++                       )
(601 , tophaku                  )
(207 , ;                        )
(601 , rep                      )
(201 , (                        )
(601 , i                        )
(138 , ,                        )
(501 , 0                        )
(138 , ,                        )
(601 , di_sz                    )
(124 , -                        )
(501 , 1                        )
(202 , )                        )
(20  , if                       )
(201 , (                        )
(31  , sizeof                   )
(201 , (                        )
(601 , change                   )
(203 , [                        )
(601 , i                        )
(204 , ]                        )
(202 , )                        )
(202 , )                        )
(601 , mp                       )
(203 , [                        )
(601 , change                   )
(203 , [                        )
(601 , i                        )
(204 , ]                        )
(204 , ]                        )
(131 , =                        )
(103 , ++                       )
(601 , topcg                    )
(207 , ;                        )
(206 , }                        )
(601 , bool                     )
(601 , isstvalidchar            )
(201 , (                        )
(7   , char                     )
(601 , c                        )
(202 , )                        )
(205 , {                        )
(32  , return                   )
(601 , isalpha                  )
(201 , (                        )
(601 , c                        )
(202 , )                        )
(107 , ||                       )
(601 , c                        )
(105 , ==                       )
(402 , '_'                      )
(207 , ;                        )
(206 , }                        )
(601 , bool                     )
(601 , isvalidchar              )
(201 , (                        )
(7   , char                     )
(601 , c                        )
(202 , )                        )
(205 , {                        )
(32  , return                   )
(601 , isalpha                  )
(201 , (                        )
(601 , c                        )
(202 , )                        )
(107 , ||                       )
(601 , isdigit                  )
(201 , (                        )
(601 , c                        )
(202 , )                        )
(107 , ||                       )
(601 , c                        )
(105 , ==                       )
(402 , '_'                      )
(207 , ;                        )
(206 , }                        )
(126 , /                        )
(126 , /                        )
(601 , token                    )
(3   , int                      )
(601 , toptk                    )
(207 , ;                        )
(126 , /                        )
(126 , /                        )
(601 , the                      )
(601 , top                      )
(601 , of                       )
(601 , stack                    )
(8   , struct                   )
(601 , token                    )
(205 , {                        )
(601 , string                   )
(601 , type                     )
(207 , ;                        )
(126 , /                        )
(126 , /                        )
(601 , token                    )
(601 , type                     )
(601 , ll                       )
(601 , sym                      )
(207 , ;                        )
(126 , /                        )
(126 , /                        )
(601 , hash                     )
(601 , and                      )
(601 , token                    )
(601 , kind                     )
(601 , string                   )
(601 , word                     )
(207 , ;                        )
(126 , /                        )
(126 , /                        )
(601 , source                   )
(601 , code                     )
(601 , token                    )
(601 , word                     )
(3   , int                      )
(601 , idx                      )
(138 , ,                        )
(601 , idy                      )
(207 , ;                        )
(126 , /                        )
(126 , /                        )
(601 , source                   )
(601 , code                     )
(601 , rows                     )
(601 , and                      )
(601 , columns                  )
(206 , }                        )
(601 , token                    )
(203 , [                        )
(601 , mx_tk                    )
(204 , ]                        )
(207 , ;                        )
(19  , void                     )
(601 , gettokens                )
(201 , (                        )
(12  , const                    )
(601 , string                   )
(132 , &                        )
(601 , input                    )
(138 , ,                        )
(601 , ofstream                 )
(132 , &                        )
(601 , fout                     )
(202 , )                        )
(205 , {                        )
(601 , buildmap                 )
(201 , (                        )
(202 , )                        )
(207 , ;                        )
(601 , string                   )
(601 , word                     )
(207 , ;                        )
(3   , int                      )
(601 , len                      )
(131 , =                        )
(601 , input                    )
(139 , .                        )
(601 , length                   )
(201 , (                        )
(202 , )                        )
(207 , ;                        )
(601 , rep                      )
(201 , (                        )
(601 , i                        )
(138 , ,                        )
(501 , 0                        )
(138 , ,                        )
(601 , len                      )
(124 , -                        )
(501 , 1                        )
(202 , )                        )
(205 , {                        )
(3   , int                      )
(601 , c                        )
(131 , =                        )
(601 , input                    )
(203 , [                        )
(601 , i                        )
(204 , ]                        )
(138 , ,                        )
(601 , mpc                      )
(131 , =                        )
(501 , 0                        )
(138 , ,                        )
(601 , nxtc                     )
(131 , =                        )
(201 , (                        )
(601 , i                        )
(123 , +                        )
(501 , 1                        )
(129 , <                        )
(601 , len                      )
(202 , )                        )
(136 , ?                        )
(601 , input                    )
(203 , [                        )
(601 , i                        )
(123 , +                        )
(501 , 1                        )
(204 , ]                        )
(137 , :                        )
(501 , 0                        )
(138 , ,                        )
(601 , tmpi                     )
(131 , =                        )
(601 , i                        )
(207 , ;                        )
(601 , word                     )
(139 , .                        )
(601 , clear                    )
(201 , (                        )
(202 , )                        )
(207 , ;                        )
(20  , if                       )
(201 , (                        )
(601 , mp                       )
(139 , .                        )
(601 , find                     )
(201 , (                        )
(601 , string                   )
(201 , (                        )
(501 , 1                        )
(138 , ,                        )
(601 , c                        )
(202 , )                        )
(202 , )                        )
(108 , !=                       )
(601 , mp                       )
(139 , .                        )
(601 , end                      )
(201 , (                        )
(202 , )                        )
(202 , )                        )
(601 , mpc                      )
(131 , =                        )
(601 , mp                       )
(203 , [                        )
(601 , string                   )
(201 , (                        )
(501 , 1                        )
(138 , ,                        )
(601 , c                        )
(202 , )                        )
(204 , ]                        )
(207 , ;                        )
(126 , /                        )
(126 , /                        )
(601 , get                      )
(601 , next                     )
(601 , token                    )
(20  , if                       )
(201 , (                        )
(601 , c                        )
(105 , ==                       )
(402 , '\"'                     )
(107 , ||                       )
(601 , c                        )
(105 , ==                       )
(402 , '\''                     )
(202 , )                        )
(205 , {                        )
(126 , /                        )
(126 , /                        )
(601 , strings                  )
(601 , word                     )
(139 , .                        )
(601 , pb                       )
(201 , (                        )
(601 , c                        )
(202 , )                        )
(207 , ;                        )
(3   , int                      )
(601 , reindex                  )
(131 , =                        )
(124 , -                        )
(501 , 2                        )
(207 , ;                        )
(26  , while                    )
(201 , (                        )
(103 , ++                       )
(601 , i                        )
(129 , <                        )
(601 , len                      )
(106 , &&                       )
(601 , input                    )
(203 , [                        )
(601 , i                        )
(204 , ]                        )
(108 , !=                       )
(601 , c                        )
(107 , ||                       )
(201 , (                        )
(601 , input                    )
(203 , [                        )
(601 , i                        )
(204 , ]                        )
(105 , ==                       )
(601 , c                        )
(106 , &&                       )
(601 , reindex                  )
(105 , ==                       )
(601 , i                        )
(124 , -                        )
(501 , 1                        )
(202 , )                        )
(202 , )                        )
(205 , {                        )
(601 , word                     )
(139 , .                        )
(601 , pb                       )
(201 , (                        )
(601 , input                    )
(203 , [                        )
(601 , i                        )
(204 , ]                        )
(202 , )                        )
(207 , ;                        )
(20  , if                       )
(201 , (                        )
(601 , reindex                  )
(108 , !=                       )
(601 , i                        )
(124 , -                        )
(501 , 1                        )
(106 , &&                       )
(601 , input                    )
(203 , [                        )
(601 , i                        )
(204 , ]                        )
(105 , ==                       )
(402 , '\\'                     )
(202 , )                        )
(601 , reindex                  )
(131 , =                        )
(601 , i                        )
(207 , ;                        )
(206 , }                        )
(601 , word                     )
(139 , .                        )
(601 , pb                       )
(201 , (                        )
(601 , c                        )
(202 , )                        )
(207 , ;                        )
(20  , if                       )
(201 , (                        )
(601 , i                        )
(105 , ==                       )
(601 , len                      )
(202 , )                        )
(205 , {                        )
(601 , cerr                     )
(119 , <<                       )
(401 , "line:"                  )
(119 , <<                       )
(601 , rex                      )
(203 , [                        )
(601 , tmpi                     )
(204 , ]                        )
(119 , <<                       )
(401 , " col:"                  )
(119 , <<                       )
(601 , rey                      )
(203 , [                        )
(601 , tmpi                     )
(204 , ]                        )
(119 , <<                       )
(401 , "    error: unclosed string literal")
(119 , <<                       )
(601 , endl                     )
(207 , ;                        )
(601 , exit                     )
(201 , (                        )
(501 , 1                        )
(202 , )                        )
(207 , ;                        )
(206 , }                        )
(601 , token                    )
(203 , [                        )
(103 , ++                       )
(601 , toptk                    )
(204 , ]                        )
(131 , =                        )
(601 , token                    )
(205 , {                        )
(401 , "strings"                )
(138 , ,                        )
(601 , mpc                      )
(138 , ,                        )
(601 , word                     )
(138 , ,                        )
(601 , rex                      )
(203 , [                        )
(601 , tmpi                     )
(204 , ]                        )
(138 , ,                        )
(601 , rey                      )
(203 , [                        )
(601 , tmpi                     )
(204 , ]                        )
(206 , }                        )
(207 , ;                        )
(28  , continue                 )
(207 , ;                        )
(206 , }                        )
(20  , if                       )
(201 , (                        )
(601 , isdigit                  )
(201 , (                        )
(601 , c                        )
(202 , )                        )
(126 , /                        )
(125 , *                        )
(107 , ||                       )
(201 , (                        )
(601 , i                        )
(123 , +                        )
(501 , 1                        )
(129 , <                        )
(601 , len                      )
(106 , &&                       )
(201 , (                        )
(601 , c                        )
(105 , ==                       )
(402 , '-'                      )
(107 , ||                       )
(601 , c                        )
(105 , ==                       )
(402 , '+'                      )
(202 , )                        )
(106 , &&                       )
(601 , isisdigit                )
(201 , (                        )
(601 , nxtc                     )
(202 , )                        )
(202 , )                        )
(125 , *                        )
(126 , /                        )
(202 , )                        )
(205 , {                        )
(126 , /                        )
(126 , /                        )
(601 , numbers                  )
(601 , word                     )
(139 , .                        )
(601 , pb                       )
(201 , (                        )
(601 , c                        )
(202 , )                        )
(207 , ;                        )
(26  , while                    )
(201 , (                        )
(103 , ++                       )
(601 , i                        )
(129 , <                        )
(601 , len                      )
(106 , &&                       )
(201 , (                        )
(601 , isvalidchar              )
(201 , (                        )
(601 , input                    )
(203 , [                        )
(601 , i                        )
(204 , ]                        )
(202 , )                        )
(107 , ||                       )
(601 , input                    )
(203 , [                        )
(601 , i                        )
(204 , ]                        )
(105 , ==                       )
(402 , '.'                      )
(202 , )                        )
(202 , )                        )
(601 , word                     )
(139 , .                        )
(601 , pb                       )
(201 , (                        )
(601 , input                    )
(203 , [                        )
(601 , i                        )
(204 , ]                        )
(202 , )                        )
(207 , ;                        )
(601 , i                        )
(104 , --                       )
(207 , ;                        )
(601 , token                    )
(203 , [                        )
(103 , ++                       )
(601 , toptk                    )
(204 , ]                        )
(131 , =                        )
(601 , token                    )
(205 , {                        )
(401 , "numbers"                )
(138 , ,                        )
(601 , bsnum                    )
(138 , ,                        )
(601 , word                     )
(138 , ,                        )
(601 , rex                      )
(203 , [                        )
(601 , tmpi                     )
(204 , ]                        )
(138 , ,                        )
(601 , rey                      )
(203 , [                        )
(601 , tmpi                     )
(204 , ]                        )
(206 , }                        )
(207 , ;                        )
(28  , continue                 )
(207 , ;                        )
(126 , /                        )
(125 , *                        )
(601 , and                      )
(601 , other                    )
(601 , number                   )
(601 , type                     )
(501 , 0x3f                     )
(501 , 032                      )
(501 , 0.25f                    )
(501 , 0.25lf                   )
(501 , 0.25ll                   )
(501 , 1.2e9                    )
(125 , *                        )
(126 , /                        )
(206 , }                        )
(20  , if                       )
(201 , (                        )
(601 , isstvalidchar            )
(201 , (                        )
(601 , c                        )
(202 , )                        )
(202 , )                        )
(205 , {                        )
(126 , /                        )
(126 , /                        )
(601 , keywords                 )
(601 , or                       )
(601 , identifiers              )
(601 , word                     )
(139 , .                        )
(601 , pb                       )
(201 , (                        )
(601 , c                        )
(202 , )                        )
(207 , ;                        )
(26  , while                    )
(201 , (                        )
(103 , ++                       )
(601 , i                        )
(129 , <                        )
(601 , len                      )
(106 , &&                       )
(601 , isvalidchar              )
(201 , (                        )
(601 , input                    )
(203 , [                        )
(601 , i                        )
(204 , ]                        )
(202 , )                        )
(202 , )                        )
(601 , word                     )
(139 , .                        )
(601 , pb                       )
(201 , (                        )
(601 , input                    )
(203 , [                        )
(601 , i                        )
(204 , ]                        )
(202 , )                        )
(207 , ;                        )
(601 , i                        )
(104 , --                       )
(207 , ;                        )
(20  , if                       )
(201 , (                        )
(601 , mp                       )
(139 , .                        )
(601 , find                     )
(201 , (                        )
(601 , word                     )
(202 , )                        )
(108 , !=                       )
(601 , mp                       )
(139 , .                        )
(601 , end                      )
(201 , (                        )
(202 , )                        )
(202 , )                        )
(126 , /                        )
(126 , /                        )
(601 , keywords                 )
(601 , token                    )
(203 , [                        )
(103 , ++                       )
(601 , toptk                    )
(204 , ]                        )
(131 , =                        )
(601 , token                    )
(205 , {                        )
(401 , "keywords"               )
(138 , ,                        )
(601 , mp                       )
(203 , [                        )
(601 , word                     )
(204 , ]                        )
(138 , ,                        )
(601 , word                     )
(138 , ,                        )
(601 , rex                      )
(203 , [                        )
(601 , tmpi                     )
(204 , ]                        )
(138 , ,                        )
(601 , rey                      )
(203 , [                        )
(601 , tmpi                     )
(204 , ]                        )
(206 , }                        )
(207 , ;                        )
(21  , else                     )
(601 , token                    )
(203 , [                        )
(103 , ++                       )
(601 , toptk                    )
(204 , ]                        )
(131 , =                        )
(601 , token                    )
(205 , {                        )
(401 , "identifiers"            )
(138 , ,                        )
(601 , bsid                     )
(138 , ,                        )
(601 , word                     )
(138 , ,                        )
(601 , rex                      )
(203 , [                        )
(601 , tmpi                     )
(204 , ]                        )
(138 , ,                        )
(601 , rey                      )
(203 , [                        )
(601 , tmpi                     )
(204 , ]                        )
(206 , }                        )
(207 , ;                        )
(126 , /                        )
(126 , /                        )
(601 , identifiers              )
(28  , continue                 )
(207 , ;                        )
(206 , }                        )
(20  , if                       )
(201 , (                        )
(601 , bsop                     )
(129 , <                        )
(601 , mpc                      )
(106 , &&                       )
(601 , mpc                      )
(110 , <=                       )
(601 , bshaku                   )
(202 , )                        )
(205 , {                        )
(126 , /                        )
(126 , /                        )
(601 , operators                )
(601 , or                       )
(601 , delimiters               )
(3   , int                      )
(601 , oplen                    )
(131 , =                        )
(601 , mx_op                    )
(123 , +                        )
(501 , 1                        )
(138 , ,                        )
(601 , flag                     )
(131 , =                        )
(501 , 0                        )
(207 , ;                        )
(26  , while                    )
(201 , (                        )
(104 , --                       )
(601 , oplen                    )
(106 , &&                       )
(130 , !                        )
(601 , flag                     )
(202 , )                        )
(20  , if                       )
(201 , (                        )
(601 , mp                       )
(139 , .                        )
(601 , find                     )
(201 , (                        )
(601 , word                     )
(131 , =                        )
(601 , input                    )
(139 , .                        )
(601 , substr                   )
(201 , (                        )
(601 , i                        )
(138 , ,                        )
(601 , oplen                    )
(202 , )                        )
(202 , )                        )
(108 , !=                       )
(601 , mp                       )
(139 , .                        )
(601 , end                      )
(201 , (                        )
(202 , )                        )
(202 , )                        )
(205 , {                        )
(126 , /                        )
(126 , /                        )
(601 , find                     )
(601 , from                     )
(4   , long                     )
(3   , int                      )
(601 , mpv                      )
(131 , =                        )
(601 , mp                       )
(203 , [                        )
(601 , word                     )
(204 , ]                        )
(207 , ;                        )
(20  , if                       )
(201 , (                        )
(130 , !                        )
(201 , (                        )
(601 , bsop                     )
(129 , <                        )
(601 , mpv                      )
(106 , &&                       )
(601 , mpv                      )
(110 , <=                       )
(601 , bshaku                   )
(202 , )                        )
(202 , )                        )
(28  , continue                 )
(207 , ;                        )
(601 , flag                     )
(131 , =                        )
(501 , 1                        )
(207 , ;                        )
(601 , token                    )
(203 , [                        )
(103 , ++                       )
(601 , toptk                    )
(204 , ]                        )
(131 , =                        )
(601 , token                    )
(205 , {                        )
(201 , (                        )
(601 , mpv                      )
(110 , <=                       )
(601 , bsdeli                   )
(202 , )                        )
(136 , ?                        )
(201 , (                        )
(401 , "operators"              )
(202 , )                        )
(137 , :                        )
(201 , (                        )
(401 , "delimiters"             )
(202 , )                        )
(138 , ,                        )
(601 , mpv                      )
(138 , ,                        )
(601 , word                     )
(138 , ,                        )
(601 , rex                      )
(203 , [                        )
(601 , tmpi                     )
(204 , ]                        )
(138 , ,                        )
(601 , rey                      )
(203 , [                        )
(601 , tmpi                     )
(204 , ]                        )
(206 , }                        )
(207 , ;                        )
(601 , i                        )
(111 , +=                       )
(601 , oplen                    )
(124 , -                        )
(501 , 1                        )
(207 , ;                        )
(206 , }                        )
(20  , if                       )
(201 , (                        )
(130 , !                        )
(601 , flag                     )
(202 , )                        )
(205 , {                        )
(601 , cerr                     )
(119 , <<                       )
(401 , "line:"                  )
(119 , <<                       )
(601 , rex                      )
(203 , [                        )
(601 , tmpi                     )
(204 , ]                        )
(119 , <<                       )
(401 , " col:"                  )
(119 , <<                       )
(601 , rey                      )
(203 , [                        )
(601 , tmpi                     )
(204 , ]                        )
(119 , <<                       )
(401 , "    error: operators or delimiters unknown")
(119 , <<                       )
(601 , endl                     )
(207 , ;                        )
(601 , exit                     )
(201 , (                        )
(501 , 1                        )
(202 , )                        )
(207 , ;                        )
(206 , }                        )
(28  , continue                 )
(207 , ;                        )
(206 , }                        )
(20  , if                       )
(201 , (                        )
(601 , c                        )
(105 , ==                       )
(402 , '#'                      )
(202 , )                        )
(205 , {                        )
(126 , /                        )
(126 , /                        )
(601 , word                     )
(139 , .                        )
(601 , pb                       )
(201 , (                        )
(601 , c                        )
(202 , )                        )
(207 , ;                        )
(26  , while                    )
(201 , (                        )
(103 , ++                       )
(601 , i                        )
(129 , <                        )
(601 , len                      )
(106 , &&                       )
(601 , input                    )
(203 , [                        )
(601 , i                        )
(204 , ]                        )
(108 , !=                       )
(402 , '\n'                     )
(202 , )                        )
(601 , word                     )
(139 , .                        )
(601 , pb                       )
(201 , (                        )
(601 , input                    )
(203 , [                        )
(601 , i                        )
(204 , ]                        )
(202 , )                        )
(207 , ;                        )
(601 , i                        )
(104 , --                       )
(207 , ;                        )
(126 , /                        )
(125 , *                        )
(601 , need                     )
(601 , to                       )
(601 , be                       )
(601 , processed                )
(125 , *                        )
(126 , /                        )
(206 , }                        )
(20  , if                       )
(201 , (                        )
(601 , c                        )
(105 , ==                       )
(402 , '\n'                     )
(202 , )                        )
(205 , {                        )
(28  , continue                 )
(207 , ;                        )
(206 , }                        )
(206 , }                        )
(206 , }                        )
(601 , string                   )
(601 , remove_comments          )
(201 , (                        )
(12  , const                    )
(601 , string                   )
(132 , &                        )
(601 , src                      )
(202 , )                        )
(205 , {                        )
(126 , /                        )
(126 , /                        )
(601 , notice                   )
(126 , /                        )
(125 , *                        )
(126 , /                        )
(601 , condition                )
(601 , string                   )
(601 , res                      )
(131 , =                        )
(401 , ""                       )
(207 , ;                        )
(3   , int                      )
(601 , len                      )
(131 , =                        )
(601 , src                      )
(139 , .                        )
(601 , size                     )
(201 , (                        )
(202 , )                        )
(138 , ,                        )
(601 , lines                    )
(131 , =                        )
(501 , 1                        )
(138 , ,                        )
(601 , linsti                   )
(131 , =                        )
(124 , -                        )
(501 , 1                        )
(138 , ,                        )
(601 , topres                   )
(131 , =                        )
(501 , 0                        )
(207 , ;                        )
(601 , rep                      )
(201 , (                        )
(601 , i                        )
(138 , ,                        )
(501 , 0                        )
(138 , ,                        )
(601 , len                      )
(124 , -                        )
(501 , 1                        )
(202 , )                        )
(205 , {                        )
(20  , if                       )
(201 , (                        )
(601 , i                        )
(123 , +                        )
(501 , 1                        )
(129 , <                        )
(601 , len                      )
(106 , &&                       )
(601 , src                      )
(203 , [                        )
(601 , i                        )
(204 , ]                        )
(105 , ==                       )
(402 , '/'                      )
(106 , &&                       )
(601 , src                      )
(203 , [                        )
(601 , i                        )
(123 , +                        )
(501 , 1                        )
(204 , ]                        )
(105 , ==                       )
(402 , '/'                      )
(202 , )                        )
(205 , {                        )
(126 , /                        )
(126 , /                        )
(126 , /                        )
(126 , /                        )
(125 , *                        )
(125 , *                        )
(125 , *                        )
(125 , *                        )
(125 , *                        )
(125 , *                        )
(125 , *                        )
(125 , *                        )
(125 , *                        )
(125 , *                        )
(601 , i                        )
(103 , ++                       )
(207 , ;                        )
(26  , while                    )
(201 , (                        )
(103 , ++                       )
(601 , i                        )
(129 , <                        )
(601 , len                      )
(106 , &&                       )
(601 , src                      )
(203 , [                        )
(601 , i                        )
(204 , ]                        )
(108 , !=                       )
(402 , '\n'                     )
(202 , )                        )
(207 , ;                        )
(601 , i                        )
(104 , --                       )
(207 , ;                        )
(28  , continue                 )
(207 , ;                        )
(206 , }                        )
(20  , if                       )
(201 , (                        )
(601 , i                        )
(123 , +                        )
(501 , 1                        )
(129 , <                        )
(601 , len                      )
(106 , &&                       )
(601 , src                      )
(203 , [                        )
(601 , i                        )
(204 , ]                        )
(105 , ==                       )
(402 , '/'                      )
(106 , &&                       )
(601 , src                      )
(203 , [                        )
(601 , i                        )
(123 , +                        )
(501 , 1                        )
(204 , ]                        )
(105 , ==                       )
(402 , '*'                      )
(202 , )                        )
(205 , {                        )
(126 , /                        )
(126 , /                        )
(126 , /                        )
(125 , *                        )
(125 , *                        )
(125 , *                        )
(125 , *                        )
(125 , *                        )
(125 , *                        )
(125 , *                        )
(125 , *                        )
(125 , *                        )
(125 , *                        )
(126 , /                        )
(601 , i                        )
(103 , ++                       )
(207 , ;                        )
(26  , while                    )
(201 , (                        )
(201 , (                        )
(103 , ++                       )
(601 , i                        )
(202 , )                        )
(123 , +                        )
(501 , 1                        )
(129 , <                        )
(601 , len                      )
(106 , &&                       )
(130 , !                        )
(201 , (                        )
(601 , src                      )
(203 , [                        )
(601 , i                        )
(204 , ]                        )
(105 , ==                       )
(402 , '*'                      )
(106 , &&                       )
(601 , src                      )
(203 , [                        )
(601 , i                        )
(123 , +                        )
(501 , 1                        )
(204 , ]                        )
(105 , ==                       )
(402 , '/'                      )
(202 , )                        )
(202 , )                        )
(20  , if                       )
(201 , (                        )
(601 , src                      )
(203 , [                        )
(601 , i                        )
(204 , ]                        )
(105 , ==                       )
(402 , '\n'                     )
(202 , )                        )
(205 , {                        )
(601 , res                      )
(111 , +=                       )
(601 , src                      )
(203 , [                        )
(601 , i                        )
(204 , ]                        )
(138 , ,                        )
(601 , rex                      )
(203 , [                        )
(601 , topres                   )
(204 , ]                        )
(131 , =                        )
(601 , lines                    )
(138 , ,                        )
(601 , rey                      )
(203 , [                        )
(601 , topres                   )
(204 , ]                        )
(131 , =                        )
(601 , i                        )
(124 , -                        )
(601 , linsti                   )
(138 , ,                        )
(103 , ++                       )
(601 , topres                   )
(207 , ;                        )
(601 , lines                    )
(103 , ++                       )
(207 , ;                        )
(601 , linsti                   )
(131 , =                        )
(601 , i                        )
(207 , ;                        )
(206 , }                        )
(601 , i                        )
(103 , ++                       )
(207 , ;                        )
(28  , continue                 )
(207 , ;                        )
(206 , }                        )
(20  , if                       )
(201 , (                        )
(601 , src                      )
(203 , [                        )
(601 , i                        )
(204 , ]                        )
(105 , ==                       )
(402 , '\"'                     )
(107 , ||                       )
(601 , src                      )
(203 , [                        )
(601 , i                        )
(204 , ]                        )
(105 , ==                       )
(402 , '\''                     )
(202 , )                        )
(205 , {                        )
(3   , int                      )
(601 , tmpc                     )
(131 , =                        )
(601 , src                      )
(203 , [                        )
(601 , i                        )
(204 , ]                        )
(207 , ;                        )
(601 , res                      )
(111 , +=                       )
(601 , src                      )
(203 , [                        )
(601 , i                        )
(204 , ]                        )
(138 , ,                        )
(601 , rex                      )
(203 , [                        )
(601 , topres                   )
(204 , ]                        )
(131 , =                        )
(601 , lines                    )
(138 , ,                        )
(601 , rey                      )
(203 , [                        )
(601 , topres                   )
(204 , ]                        )
(131 , =                        )
(601 , i                        )
(124 , -                        )
(601 , linsti                   )
(138 , ,                        )
(103 , ++                       )
(601 , topres                   )
(207 , ;                        )
(26  , while                    )
(201 , (                        )
(103 , ++                       )
(601 , i                        )
(129 , <                        )
(601 , len                      )
(106 , &&                       )
(601 , src                      )
(203 , [                        )
(601 , i                        )
(204 , ]                        )
(108 , !=                       )
(601 , tmpc                     )
(202 , )                        )
(205 , {                        )
(601 , res                      )
(111 , +=                       )
(601 , src                      )
(203 , [                        )
(601 , i                        )
(204 , ]                        )
(138 , ,                        )
(601 , rex                      )
(203 , [                        )
(601 , topres                   )
(204 , ]                        )
(131 , =                        )
(601 , lines                    )
(138 , ,                        )
(601 , rey                      )
(203 , [                        )
(601 , topres                   )
(204 , ]                        )
(131 , =                        )
(601 , i                        )
(124 , -                        )
(601 , linsti                   )
(138 , ,                        )
(103 , ++                       )
(601 , topres                   )
(207 , ;                        )
(20  , if                       )
(201 , (                        )
(601 , src                      )
(203 , [                        )
(601 , i                        )
(204 , ]                        )
(105 , ==                       )
(402 , '\n'                     )
(202 , )                        )
(601 , lines                    )
(103 , ++                       )
(138 , ,                        )
(601 , linsti                   )
(131 , =                        )
(601 , i                        )
(207 , ;                        )
(206 , }                        )
(601 , res                      )
(111 , +=                       )
(601 , src                      )
(203 , [                        )
(601 , i                        )
(204 , ]                        )
(138 , ,                        )
(601 , rex                      )
(203 , [                        )
(601 , topres                   )
(204 , ]                        )
(131 , =                        )
(601 , lines                    )
(138 , ,                        )
(601 , rey                      )
(203 , [                        )
(601 , topres                   )
(204 , ]                        )
(131 , =                        )
(601 , i                        )
(124 , -                        )
(601 , linsti                   )
(138 , ,                        )
(103 , ++                       )
(601 , topres                   )
(207 , ;                        )
(28  , continue                 )
(207 , ;                        )
(206 , }                        )
(601 , res                      )
(111 , +=                       )
(601 , src                      )
(203 , [                        )
(601 , i                        )
(204 , ]                        )
(138 , ,                        )
(601 , rex                      )
(203 , [                        )
(601 , topres                   )
(204 , ]                        )
(131 , =                        )
(601 , lines                    )
(138 , ,                        )
(601 , rey                      )
(203 , [                        )
(601 , topres                   )
(204 , ]                        )
(131 , =                        )
(601 , i                        )
(124 , -                        )
(601 , linsti                   )
(138 , ,                        )
(103 , ++                       )
(601 , topres                   )
(207 , ;                        )
(20  , if                       )
(201 , (                        )
(601 , src                      )
(203 , [                        )
(601 , i                        )
(204 , ]                        )
(105 , ==                       )
(402 , '\n'                     )
(202 , )                        )
(601 , lines                    )
(103 , ++                       )
(138 , ,                        )
(601 , linsti                   )
(131 , =                        )
(601 , i                        )
(207 , ;                        )
(206 , }                        )
(32  , return                   )
(601 , res                      )
(207 , ;                        )
(206 , }                        )
(601 , string                   )
(601 , low_string               )
(201 , (                        )
(12  , const                    )
(601 , string                   )
(132 , &                        )
(601 , src                      )
(202 , )                        )
(205 , {                        )
(601 , string                   )
(601 , res                      )
(131 , =                        )
(401 , ""                       )
(207 , ;                        )
(601 , rep                      )
(201 , (                        )
(601 , i                        )
(138 , ,                        )
(501 , 0                        )
(138 , ,                        )
(601 , src                      )
(139 , .                        )
(601 , size                     )
(201 , (                        )
(202 , )                        )
(202 , )                        )
(601 , res                      )
(111 , +=                       )
(601 , src                      )
(203 , [                        )
(601 , i                        )
(204 , ]                        )
(123 , +                        )
(201 , (                        )
(402 , 'a'                      )
(124 , -                        )
(402 , 'a'                      )
(202 , )                        )
(125 , *                        )
(201 , (                        )
(402 , 'a'                      )
(110 , <=                       )
(601 , src                      )
(203 , [                        )
(601 , i                        )
(204 , ]                        )
(106 , &&                       )
(601 , src                      )
(203 , [                        )
(601 , i                        )
(204 , ]                        )
(110 , <=                       )
(402 , 'z'                      )
(202 , )                        )
(207 , ;                        )
(32  , return                   )
(601 , res                      )
(207 , ;                        )
(206 , }                        )
(3   , int                      )
(33  , main                     )
(201 , (                        )
(3   , int                      )
(601 , argc                     )
(138 , ,                        )
(7   , char                     )
(125 , *                        )
(601 , argv                     )
(203 , [                        )
(204 , ]                        )
(202 , )                        )
(205 , {                        )
(601 , string                   )
(601 , filein                   )
(131 , =                        )
(401 , "lex.in"                 )
(138 , ,                        )
(601 , fileout                  )
(131 , =                        )
(401 , "lex.out"                )
(207 , ;                        )
(20  , if                       )
(201 , (                        )
(601 , argc                     )
(128 , >                        )
(501 , 20                       )
(202 , )                        )
(205 , {                        )
(601 , perror                   )
(201 , (                        )
(401 , "error:  too many parameters")
(202 , )                        )
(207 , ;                        )
(601 , exit                     )
(201 , (                        )
(501 , 1                        )
(202 , )                        )
(207 , ;                        )
(206 , }                        )
(601 , rep                      )
(201 , (                        )
(601 , i                        )
(138 , ,                        )
(501 , 1                        )
(138 , ,                        )
(601 , argc                     )
(124 , -                        )
(501 , 1                        )
(202 , )                        )
(205 , {                        )
(601 , string                   )
(601 , tmp                      )
(131 , =                        )
(601 , argv                     )
(203 , [                        )
(601 , i                        )
(204 , ]                        )
(207 , ;                        )
(20  , if                       )
(201 , (                        )
(601 , tmp                      )
(105 , ==                       )
(401 , "-o"                     )
(202 , )                        )
(205 , {                        )
(20  , if                       )
(201 , (                        )
(601 , i                        )
(123 , +                        )
(501 , 1                        )
(129 , <                        )
(601 , argc                     )
(202 , )                        )
(205 , {                        )
(601 , fileout                  )
(131 , =                        )
(601 , argv                     )
(203 , [                        )
(103 , ++                       )
(601 , i                        )
(204 , ]                        )
(207 , ;                        )
(601 , usedarg                  )
(111 , +=                       )
(501 , 2                        )
(207 , ;                        )
(28  , continue                 )
(207 , ;                        )
(206 , }                        )
(601 , cerr                     )
(119 , <<                       )
(401 , "error:  requre parameter (-paraname filename) to determine target file")
(119 , <<                       )
(601 , endl                     )
(207 , ;                        )
(601 , exit                     )
(201 , (                        )
(501 , 1                        )
(202 , )                        )
(207 , ;                        )
(206 , }                        )
(601 , filein                   )
(131 , =                        )
(601 , tmp                      )
(207 , ;                        )
(206 , }                        )
(20  , if                       )
(201 , (                        )
(601 , usedarg                  )
(123 , +                        )
(501 , 2                        )
(129 , <                        )
(601 , argc                     )
(202 , )                        )
(205 , {                        )
(601 , cerr                     )
(119 , <<                       )
(401 , "error:  parameter error, require [soucefilename (-paraname filename)*]")
(119 , <<                       )
(601 , endl                     )
(207 , ;                        )
(601 , exit                     )
(201 , (                        )
(501 , 1                        )
(202 , )                        )
(207 , ;                        )
(206 , }                        )
(601 , cerr                     )
(119 , <<                       )
(601 , std                      )
(122 , ::                       )
(601 , left                     )
(207 , ;                        )
(601 , ifstream                 )
(601 , file                     )
(201 , (                        )
(601 , filein                   )
(202 , )                        )
(207 , ;                        )
(20  , if                       )
(201 , (                        )
(130 , !                        )
(601 , file                     )
(139 , .                        )
(601 , is_open                  )
(201 , (                        )
(202 , )                        )
(202 , )                        )
(205 , {                        )
(601 , cerr                     )
(119 , <<                       )
(401 , "error:  fail to open the file: ")
(123 , +                        )
(601 , filein                   )
(119 , <<                       )
(601 , endl                     )
(207 , ;                        )
(601 , exit                     )
(201 , (                        )
(501 , 1                        )
(202 , )                        )
(207 , ;                        )
(206 , }                        )
(601 , string                   )
(601 , code                     )
(201 , (                        )
(201 , (                        )
(601 , istreambuf_iterator      )
(129 , <                        )
(7   , char                     )
(128 , >                        )
(201 , (                        )
(601 , file                     )
(202 , )                        )
(202 , )                        )
(138 , ,                        )
(601 , istreambuf_iterator      )
(129 , <                        )
(7   , char                     )
(128 , >                        )
(201 , (                        )
(202 , )                        )
(202 , )                        )
(207 , ;                        )
(601 , file                     )
(139 , .                        )
(601 , close                    )
(201 , (                        )
(202 , )                        )
(207 , ;                        )
(601 , cout                     )
(119 , <<                       )
(401 , "source file read successfully")
(119 , <<                       )
(601 , endl                     )
(207 , ;                        )
(601 , ofstream                 )
(601 , fout                     )
(201 , (                        )
(601 , fileout                  )
(202 , )                        )
(207 , ;                        )
(20  , if                       )
(201 , (                        )
(130 , !                        )
(601 , fout                     )
(139 , .                        )
(601 , is_open                  )
(201 , (                        )
(202 , )                        )
(202 , )                        )
(205 , {                        )
(601 , cerr                     )
(119 , <<                       )
(401 , "error:  fail to open the file: ")
(123 , +                        )
(601 , filein                   )
(119 , <<                       )
(601 , endl                     )
(207 , ;                        )
(601 , exit                     )
(201 , (                        )
(501 , 1                        )
(202 , )                        )
(207 , ;                        )
(206 , }                        )
(601 , cout                     )
(119 , <<                       )
(401 , "target file open successfully")
(119 , <<                       )
(601 , endl                     )
(207 , ;                        )
(601 , string                   )
(601 , coderemove               )
(131 , =                        )
(601 , remove_comments          )
(201 , (                        )
(601 , code                     )
(202 , )                        )
(207 , ;                        )
(601 , string                   )
(601 , codelow                  )
(131 , =                        )
(601 , low_string               )
(201 , (                        )
(601 , coderemove               )
(202 , )                        )
(207 , ;                        )
(601 , gettokens                )
(201 , (                        )
(601 , codelow                  )
(138 , ,                        )
(601 , fout                     )
(202 , )                        )
(207 , ;                        )
(601 , dout                     )
(119 , <<                       )
(601 , std                      )
(122 , ::                       )
(601 , left                     )
(207 , ;                        )
(601 , rep                      )
(201 , (                        )
(601 , i                        )
(138 , ,                        )
(501 , 1                        )
(138 , ,                        )
(601 , toptk                    )
(202 , )                        )
(205 , {                        )
(601 , dout                     )
(119 , <<                       )
(401 , "("                      )
(119 , <<                       )
(601 , setw                     )
(201 , (                        )
(501 , 3                        )
(202 , )                        )
(119 , <<                       )
(601 , token                    )
(203 , [                        )
(601 , i                        )
(204 , ]                        )
(139 , .                        )
(601 , sym                      )
(119 , <<                       )
(401 , " , "                    )
(119 , <<                       )
(601 , setw                     )
(201 , (                        )
(501 , 25                       )
(202 , )                        )
(119 , <<                       )
(601 , token                    )
(203 , [                        )
(601 , i                        )
(204 , ]                        )
(139 , .                        )
(601 , word                     )
(119 , <<                       )
(401 , ")"                      )
(119 , <<                       )
(601 , endl                     )
(207 , ;                        )
(206 , }                        )
(601 , fout                     )
(139 , .                        )
(601 , close                    )
(201 , (                        )
(202 , )                        )
(207 , ;                        )
(601 , cout                     )
(119 , <<                       )
(401 , "process finished"       )
(119 , <<                       )
(601 , endl                     )
(207 , ;                        )
(32  , return                   )
(501 , 0                        )
(207 , ;                        )
(206 , }                        )
