(601 , include                  )
(129 , <                        )
(601 , iostream                 )
(128 , >                        )
(3   , int                      )
(33  , main                     )
(201 , (                        )
(202 , )                        )
(205 , {                        )
(3   , int                      )
(601 , a                        )
(138 , ,                        )
(601 , b                        )
(207 , ;                        )
(601 , std                      )
(122 , ::                       )
(601 , cout                     )
(119 , <<                       )
(401 , "Enter two numbers: "    )
(207 , ;                        )
(3   , int                      )
(601 , sum                      )
(131 , =                        )
(601 , a                        )
(123 , +                        )
(601 , b                        )
(207 , ;                        )
(601 , std                      )
(122 , ::                       )
(601 , cout                     )
(119 , <<                       )
(401 , "The sum of "            )
(119 , <<                       )
(601 , a                        )
(119 , <<                       )
(401 , " and "                  )
(119 , <<                       )
(601 , b                        )
(119 , <<                       )
(401 , " is: "                  )
(119 , <<                       )
(601 , sum                      )
(119 , <<                       )
(601 , std                      )
(122 , ::                       )
(601 , endl                     )
(207 , ;                        )
(32  , return                   )
(501 , 0                        )
(207 , ;                        )
(206 , }                        )
